example/build/app/intermediates/manifest_merge_blame_file/debug/manifest-merger-blame-debug-report.txt
1<?xml version="1.0" encoding="utf-8"?>
2<manifest xmlns:android="http://schemas.android.com/apk/res/android"
3    package="io.flutter.plugins.webviewflutterexample"
4    android:versionCode="1"
5    android:versionName="1.0" >
6
7    <uses-sdk
8        android:minSdkVersion="16"
8-->src/main/AndroidManifest.xml
9        android:targetSdkVersion="28" />
9-->src/main/AndroidManifest.xml
10
11    <!--
12       The INTERNET permission is required for development. Specifically,
13       flutter needs it to communicate with the running application
14       to allow setting breakpoints, to provide hot reload, etc.
15    -->
16    <uses-permission android:name="android.permission.INTERNET" />
16-->src/main/AndroidManifest.xml:50:3-64
16-->src/main/AndroidManifest.xml:50:20-62
17    <!--
18     io.flutter.app.FlutterApplication is an android.app.Application that
19       calls FlutterMain.startInitialization(this); in its onCreate method.
20       In most cases you can leave this as-is, but you if you want to provide
21       additional functionality it is fine to subclass or reimplement
22       FlutterApplication and put your custom class here.
23    -->
24    <application
24-->src/main/AndroidManifest.xml:9:3-44:17
25        android:name="io.flutter.app.FlutterApplication"
25-->src/main/AndroidManifest.xml:12:5-53
26        android:appComponentFactory="androidx.core.app.CoreComponentFactory"
26-->[androidx.core:core:1.1.0] AndroidManifest.xml:24:18-86
27        android:debuggable="true"
28        android:icon="@mipmap/ic_launcher"
28-->src/main/AndroidManifest.xml:10:5-39
29        android:label="webview_flutter_example"
29-->src/main/AndroidManifest.xml:11:5-44
30        android:testOnly="true" >
31        <meta-data
31-->src/main/AndroidManifest.xml:13:5-15:29
32            android:name="flutterEmbedding"
32-->src/main/AndroidManifest.xml:14:9-40
33            android:value="2" />
33-->src/main/AndroidManifest.xml:15:9-26
34
35        <activity
35-->src/main/AndroidManifest.xml:16:5-31:16
36            android:name="io.flutter.plugins.webviewflutterexample.EmbeddingV1Activity"
36-->src/main/AndroidManifest.xml:21:7-42
37            android:configChanges="orientation|keyboardHidden|keyboard|screenSize|locale|layoutDirection|fontScale|screenLayout|density"
37-->src/main/AndroidManifest.xml:17:7-131
38            android:exported="true"
38-->src/main/AndroidManifest.xml:18:7-30
39            android:hardwareAccelerated="true"
39-->src/main/AndroidManifest.xml:19:7-41
40            android:launchMode="singleTop"
40-->src/main/AndroidManifest.xml:20:7-37
41            android:theme="@style/LaunchTheme"
41-->src/main/AndroidManifest.xml:22:7-41
42            android:windowSoftInputMode="adjustResize" >
42-->src/main/AndroidManifest.xml:23:7-49
43
44            <!--
45           This keeps the window background of the activity showing
46           until Flutter renders its first frame. It can be removed if
47           there is no splash screen (such as the default splash screen
48           defined in @style/LaunchTheme).
49            -->
50            <meta-data
50-->src/main/AndroidManifest.xml:28:7-30:31
51                android:name="io.flutter.app.android.SplashScreenUntilFirstFrame"
51-->src/main/AndroidManifest.xml:29:9-74
52                android:value="true" />
52-->src/main/AndroidManifest.xml:30:9-29
53        </activity>
54        <activity
54-->src/main/AndroidManifest.xml:32:5-43:16
55            android:name="io.flutter.embedding.android.FlutterActivity"
55-->src/main/AndroidManifest.xml:36:7-66
56            android:configChanges="orientation|keyboardHidden|keyboard|screenSize|locale|layoutDirection|fontScale|screenLayout|density"
56-->src/main/AndroidManifest.xml:33:7-131
57            android:hardwareAccelerated="true"
57-->src/main/AndroidManifest.xml:34:7-41
58            android:launchMode="singleTop"
58-->src/main/AndroidManifest.xml:35:7-37
59            android:theme="@style/LaunchTheme"
59-->src/main/AndroidManifest.xml:37:7-41
60            android:windowSoftInputMode="adjustResize" >
60-->src/main/AndroidManifest.xml:38:7-49
61            <intent-filter>
61-->src/main/AndroidManifest.xml:39:7-42:23
62                <action android:name="android.intent.action.MAIN" />
62-->src/main/AndroidManifest.xml:40:9-60
62-->src/main/AndroidManifest.xml:40:17-58
63
64                <category android:name="android.intent.category.LAUNCHER" />
64-->src/main/AndroidManifest.xml:41:9-68
64-->src/main/AndroidManifest.xml:41:19-66
65            </intent-filter>
66        </activity>
67    </application>
68
69</manifest>